<?xml version="1.0" encoding="UTF-8"?>
<!-- Generated by org.testng.reporters.JUnitReportReporter -->
<testsuite hostname="PUNEITN012" name="rough.HomeTest" tests="1" failures="0" timestamp="8 Sep 2015 11:24:47 GMT" time="22.327" errors="0">
  <testcase name="subscriberNameLink" time="22.327" classname="rough.HomeTest"/>
</testsuite> <!-- rough.HomeTest -->
