<?xml version="1.0" encoding="UTF-8"?>
<!-- Generated by org.testng.reporters.JUnitReportReporter -->
<testsuite hostname="PUNEITN012" name="testCases.module1.Logins" tests="2" failures="0" timestamp="21 Oct 2015 06:57:37 GMT" time="41.957" errors="0">
  <testcase name="validLogin" time="20.414" classname="testCases.module1.Logins"/>
  <testcase name="invalidLogin" time="21.543" classname="testCases.module1.Logins"/>
</testsuite> <!-- testCases.module1.Logins -->
