<?xml version="1.0" encoding="UTF-8"?>
<!-- Generated by org.testng.reporters.JUnitReportReporter -->
<testsuite hostname="PUNEITN012" name="testCases.module1.PublishingCenter" tests="7" failures="0" timestamp="21 Oct 2015 06:57:37 GMT" time="274.295" errors="0">
  <testcase name="verifyAvailableColumns" time="35.283" classname="testCases.module1.PublishingCenter"/>
  <testcase name="publishItemsThroughSubscriber" time="37.518" classname="testCases.module1.PublishingCenter"/>
  <testcase name="reviewCICs" time="28.459" classname="testCases.module1.PublishingCenter"/>
  <testcase name="subscribersItemSplitHeader" time="56.564" classname="testCases.module1.PublishingCenter"/>
  <testcase name="publishingItemSuccessfully" time="60.548" classname="testCases.module1.PublishingCenter"/>
  <testcase name="returnToPublishingCenter" time="23.106" classname="testCases.module1.PublishingCenter"/>
  <testcase name="mandatorySelectionOnPublishItems" time="32.817" classname="testCases.module1.PublishingCenter"/>
</testsuite> <!-- testCases.module1.PublishingCenter -->
