<?xml version="1.0" encoding="UTF-8"?>
<!-- Generated by org.testng.reporters.JUnitReportReporter -->
<testsuite hostname="PUNEITN012" name="testCases.module1.Admin" tests="1" failures="0" timestamp="1 Dec 2015 07:30:17 GMT" time="33.845" errors="0">
  <testcase name="industrySegmentFilterDistributor" time="33.845" classname="testCases.module1.Admin"/>
</testsuite> <!-- testCases.module1.Admin -->
